  Compiling CUDA source file kernel.cu...
  
  C:\Users\Megawhopper\Documents\GitHub\Surrogate_Optimization\Surrogate_Optimization\Surrogate_Optimization\Surrogate_Optimization\EELMetamodel>"C:\Program Files\NVIDIA GPU Computing Toolkit\CUDA\v11.0\bin\nvcc.exe" -gencode=arch=compute_52,code=\"sm_52,compute_52\" --use-local-env -ccbin "C:\Program Files (x86)\Microsoft Visual Studio\2019\Community\VC\Tools\MSVC\14.27.29110\bin\HostX86\x64" -x cu   -I"C:\Program Files\NVIDIA GPU Computing Toolkit\CUDA\v11.0\include" -I"C:\Program Files\NVIDIA GPU Computing Toolkit\CUDA\v11.0\include"  -G   --keep-dir x64\Debug -maxrregcount=0  --machine 64 --compile -cudart static  -g   -DWIN32 -DWIN64 -D_DEBUG -D_CONSOLE -D_MBCS -Xcompiler "/EHsc /W3 /nologo /Od /Fdx64\Debug\vc142.pdb /FS /Zi /RTC1 /MDd " -o x64\Debug\kernel.cu.obj "C:\Users\Megawhopper\Documents\GitHub\Surrogate_Optimization\Surrogate_Optimization\Surrogate_Optimization\Surrogate_Optimization\EELMetamodel\kernel.cu" 
C:\Users\Megawhopper\Documents\GitHub\Surrogate_Optimization\Surrogate_Optimization\Surrogate_Optimization\Surrogate_Optimization\EELMetamodel\EELSurrogate.cu(414): warning : variable "vectorMemoryAllocationSize" was declared but never referenced
  
C:\Users\Megawhopper\Documents\GitHub\Surrogate_Optimization\Surrogate_Optimization\Surrogate_Optimization\Surrogate_Optimization\EELMetamodel\EELSurrogate.cu(415): warning : variable "extendedVectorMemoryAllocationSize" was declared but never referenced
  
C:\Users\Megawhopper\Documents\GitHub\Surrogate_Optimization\Surrogate_Optimization\Surrogate_Optimization\Surrogate_Optimization\EELMetamodel\EELSurrogate.cu(527): warning : variable "vectorMemoryAllocationSize" was declared but never referenced
  
C:\Users\Megawhopper\Documents\GitHub\Surrogate_Optimization\Surrogate_Optimization\Surrogate_Optimization\Surrogate_Optimization\EELMetamodel\EELSurrogate.cu(581): warning : variable "deviceDimension" was declared but never referenced
  
C:/Users/Megawhopper/Documents/GitHub/Surrogate_Optimization/Surrogate_Optimization/Surrogate_Optimization/Surrogate_Optimization/EELMetamodel/kernel.cu(15): warning : variable "dummyDesignSite" was declared but never referenced
  
C:/Users/Megawhopper/Documents/GitHub/Surrogate_Optimization/Surrogate_Optimization/Surrogate_Optimization/Surrogate_Optimization/EELMetamodel/kernel.cu(16): warning : variable "dummyTestSite" was declared but never referenced
  
C:/Users/Megawhopper/Documents/GitHub/Surrogate_Optimization/Surrogate_Optimization/Surrogate_Optimization/Surrogate_Optimization/EELMetamodel/kernel.cu(17): warning : variable "dummyDesignSiteValues" was declared but never referenced
  
C:/Users/Megawhopper/Documents/GitHub/Surrogate_Optimization/Surrogate_Optimization/Surrogate_Optimization/Surrogate_Optimization/EELMetamodel/kernel.cu(18): warning : variable "result" was declared but never referenced
  
  kernel.cu
C:\Users\Megawhopper\Documents\GitHub\Surrogate_Optimization\Surrogate_Optimization\Surrogate_Optimization\Surrogate_Optimization\EELMetamodel\EELSurrogate.cu(376): warning C4477: 'printf' : format string '%s' requires an argument of type 'char *', but variadic argument 1 has type 'std::string'
C:\Users\Megawhopper\Documents\GitHub\Surrogate_Optimization\Surrogate_Optimization\Surrogate_Optimization\Surrogate_Optimization\EELMetamodel\EELSurrogate.cu(396): warning C4267: 'initializing': conversion from 'size_t' to 'int', possible loss of data
C:\Users\Megawhopper\Documents\GitHub\Surrogate_Optimization\Surrogate_Optimization\Surrogate_Optimization\Surrogate_Optimization\EELMetamodel\EELSurrogate.cu(374): warning C4101: 'e': unreferenced local variable
C:\Users\Megawhopper\Documents\GitHub\Surrogate_Optimization\Surrogate_Optimization\Surrogate_Optimization\Surrogate_Optimization\EELMetamodel\EELSurrogate.cu(412): warning C4244: 'initializing': conversion from 'double' to 'int', possible loss of data
C:\Users\Megawhopper\Documents\GitHub\Surrogate_Optimization\Surrogate_Optimization\Surrogate_Optimization\Surrogate_Optimization\EELMetamodel\EELSurrogate.cu(413): warning C4244: 'initializing': conversion from 'double' to 'int', possible loss of data
C:\Users\Megawhopper\Documents\GitHub\Surrogate_Optimization\Surrogate_Optimization\Surrogate_Optimization\Surrogate_Optimization\EELMetamodel\EELSurrogate.cu(526): warning C4244: 'initializing': conversion from 'double' to 'int', possible loss of data
C:\Users\Megawhopper\Documents\GitHub\Surrogate_Optimization\Surrogate_Optimization\Surrogate_Optimization\Surrogate_Optimization\EELMetamodel\EELSurrogate.cu(583): warning C4244: 'initializing': conversion from 'double' to 'int', possible loss of data
C:\Users\Megawhopper\Documents\GitHub\Surrogate_Optimization\Surrogate_Optimization\Surrogate_Optimization\Surrogate_Optimization\EELMetamodel\EELSurrogate.cu(644): warning C4244: 'initializing': conversion from 'double' to 'int', possible loss of data
C:\Users\Megawhopper\Documents\GitHub\Surrogate_Optimization\Surrogate_Optimization\Surrogate_Optimization\Surrogate_Optimization\EELMetamodel\EELSurrogate.cu(704): warning C4244: 'initializing': conversion from 'double' to 'int', possible loss of data
C:\Users\Megawhopper\Documents\GitHub\Surrogate_Optimization\Surrogate_Optimization\Surrogate_Optimization\Surrogate_Optimization\EELMetamodel\EELSurrogate.cu(766): warning C4244: 'initializing': conversion from 'double' to 'int', possible loss of data
C:\Users\Megawhopper\Documents\GitHub\Surrogate_Optimization\Surrogate_Optimization\Surrogate_Optimization\Surrogate_Optimization\EELMetamodel\EELSurrogate.cu(850): warning C4244: 'initializing': conversion from 'double' to 'int', possible loss of data
C:\Users\Megawhopper\Documents\GitHub\Surrogate_Optimization\Surrogate_Optimization\Surrogate_Optimization\Surrogate_Optimization\EELMetamodel\EELSurrogate.cu(885): warning C4244: 'initializing': conversion from 'double' to 'int', possible loss of data
C:\Users\Megawhopper\Documents\GitHub\Surrogate_Optimization\Surrogate_Optimization\Surrogate_Optimization\Surrogate_Optimization\EELMetamodel\EELSurrogate.cu(944): warning C4244: 'initializing': conversion from 'double' to 'int', possible loss of data
  EELMetamodel.vcxproj -> C:\Users\Megawhopper\Documents\GitHub\Surrogate_Optimization\Surrogate_Optimization\Surrogate_Optimization\Surrogate_Optimization\EELMetamodel\x64\Debug\EELMetamodel.exe
