  Compiling CUDA source file kernel.cu...
  
  C:\Users\Megawhopper\Documents\GitHub\Surrogate_Optimization\Surrogate_Optimization\Surrogate_Optimization\Surrogate_Optimization\EELMetamodel>"C:\Program Files\NVIDIA GPU Computing Toolkit\CUDA\v10.2\bin\nvcc.exe" -gencode=arch=compute_30,code=\"sm_30,compute_30\" --use-local-env -ccbin "C:\Program Files (x86)\Microsoft Visual Studio\2019\Community\VC\Tools\MSVC\14.26.28801\bin\HostX86\x64" -x cu  -I"C:\Program Files\NVIDIA GPU Computing Toolkit\CUDA\v10.2\include" -I"C:\Program Files\NVIDIA GPU Computing Toolkit\CUDA\v10.2\include"  -G   --keep-dir x64\Debug -maxrregcount=0  --machine 64 --compile -cudart static  -g   -DWIN32 -DWIN64 -D_DEBUG -D_CONSOLE -D_MBCS -Xcompiler "/EHsc /W3 /nologo /Od /Fdx64\Debug\vc142.pdb /FS /Zi /RTC1 /MDd " -o x64\Debug\kernel.cu.obj "C:\Users\Megawhopper\Documents\GitHub\Surrogate_Optimization\Surrogate_Optimization\Surrogate_Optimization\Surrogate_Optimization\EELMetamodel\kernel.cu" 
C:\Users\Megawhopper\Documents\GitHub\Surrogate_Optimization\Surrogate_Optimization\Surrogate_Optimization\Surrogate_Optimization\EELMetamodel\EELSurrogate.cu(93): warning : variable "vectorMemoryAllocationSize" was declared but never referenced
  
C:\Users\Megawhopper\Documents\GitHub\Surrogate_Optimization\Surrogate_Optimization\Surrogate_Optimization\Surrogate_Optimization\EELMetamodel\EELSurrogate.cu(94): warning : variable "extendedVectorMemoryAllocationSize" was declared but never referenced
  
C:\Users\Megawhopper\Documents\GitHub\Surrogate_Optimization\Surrogate_Optimization\Surrogate_Optimization\Surrogate_Optimization\EELMetamodel\EELSurrogate.cu(213): warning : variable "vectorMemoryAllocationSize" was declared but never referenced
  
C:/Users/Megawhopper/Documents/GitHub/Surrogate_Optimization/Surrogate_Optimization/Surrogate_Optimization/Surrogate_Optimization/EELMetamodel/kernel.cu(23): warning : variable "result" was set but never used
  
  kernel.cu
C:\Users\Megawhopper\Documents\GitHub\Surrogate_Optimization\Surrogate_Optimization\Surrogate_Optimization\Surrogate_Optimization\EELMetamodel\EELSurrogate.cu(91): warning C4244: 'initializing': conversion from 'double' to 'int', possible loss of data
C:\Users\Megawhopper\Documents\GitHub\Surrogate_Optimization\Surrogate_Optimization\Surrogate_Optimization\Surrogate_Optimization\EELMetamodel\EELSurrogate.cu(92): warning C4244: 'initializing': conversion from 'double' to 'int', possible loss of data
C:\Users\Megawhopper\Documents\GitHub\Surrogate_Optimization\Surrogate_Optimization\Surrogate_Optimization\Surrogate_Optimization\EELMetamodel\EELSurrogate.cu(212): warning C4244: 'initializing': conversion from 'double' to 'int', possible loss of data
C:\Users\Megawhopper\Documents\GitHub\Surrogate_Optimization\Surrogate_Optimization\Surrogate_Optimization\Surrogate_Optimization\EELMetamodel\EELSurrogate.cu(268): warning C4244: 'initializing': conversion from 'double' to 'int', possible loss of data
C:\Users\Megawhopper\Documents\GitHub\Surrogate_Optimization\Surrogate_Optimization\Surrogate_Optimization\Surrogate_Optimization\EELMetamodel\EELSurrogate.cu(329): warning C4244: 'initializing': conversion from 'double' to 'int', possible loss of data
C:\Users\Megawhopper\Documents\GitHub\Surrogate_Optimization\Surrogate_Optimization\Surrogate_Optimization\Surrogate_Optimization\EELMetamodel\EELSurrogate.cu(390): warning C4244: 'initializing': conversion from 'double' to 'int', possible loss of data
C:\Users\Megawhopper\Documents\GitHub\Surrogate_Optimization\Surrogate_Optimization\Surrogate_Optimization\Surrogate_Optimization\EELMetamodel\EELSurrogate.cu(449): warning C4244: 'initializing': conversion from 'double' to 'int', possible loss of data
C:\Users\Megawhopper\Documents\GitHub\Surrogate_Optimization\Surrogate_Optimization\Surrogate_Optimization\Surrogate_Optimization\EELMetamodel\EELSurrogate.cu(498): warning C4244: 'initializing': conversion from 'double' to 'int', possible loss of data
C:\Users\Megawhopper\Documents\GitHub\Surrogate_Optimization\Surrogate_Optimization\Surrogate_Optimization\Surrogate_Optimization\EELMetamodel\EELSurrogate.cu(551): warning C4244: 'initializing': conversion from 'double' to 'int', possible loss of data
C:\Users\Megawhopper\Documents\GitHub\Surrogate_Optimization\Surrogate_Optimization\Surrogate_Optimization\Surrogate_Optimization\EELMetamodel\EELSurrogate.cu(585): warning C4244: 'initializing': conversion from 'double' to 'int', possible loss of data
C:/Users/Megawhopper/Documents/GitHub/Surrogate_Optimization/Surrogate_Optimization/Surrogate_Optimization/Surrogate_Optimization/EELMetamodel/kernel.cu(32): warning C4244: 'argument': conversion from 'double' to 'int', possible loss of data
C:/Users/Megawhopper/Documents/GitHub/Surrogate_Optimization/Surrogate_Optimization/Surrogate_Optimization/Surrogate_Optimization/EELMetamodel/kernel.cu(41): warning C4244: 'argument': conversion from 'double' to 'int', possible loss of data
C:/Users/Megawhopper/Documents/GitHub/Surrogate_Optimization/Surrogate_Optimization/Surrogate_Optimization/Surrogate_Optimization/EELMetamodel/kernel.cu(44): warning C4244: 'argument': conversion from 'double' to 'int', possible loss of data
C:/Users/Megawhopper/Documents/GitHub/Surrogate_Optimization/Surrogate_Optimization/Surrogate_Optimization/Surrogate_Optimization/EELMetamodel/kernel.cu(47): warning C4244: 'argument': conversion from 'double' to 'int', possible loss of data
  EELMetamodel.vcxproj -> C:\Users\Megawhopper\Documents\GitHub\Surrogate_Optimization\Surrogate_Optimization\Surrogate_Optimization\Surrogate_Optimization\EELMetamodel\x64\Debug\EELMetamodel.exe
